<?xml version="1.0" encoding="UTF-8"?>
<!-- Generated by org.testng.reporters.JUnitReportReporter -->
<testsuite hostname="DESKTOP-M1NQ9G3" name="vocaltec.test.StartApplication" tests="2" failures="0" timestamp="12 Apr 2017 18:49:28 GMT" time="40.792" errors="0">
  <testcase name="testMessageExisted" time="13.195" classname="vocaltec.test.StartApplication"/>
  <testcase name="testMessageNew" time="27.597" classname="vocaltec.test.StartApplication"/>
</testsuite> <!-- vocaltec.test.StartApplication -->
